<?xml version="1.0" encoding="UTF-8"?>
<!-- Generated by org.testng.reporters.JUnitReportReporter -->
<testsuite hostname="Amrutamane" failures="0" tests="1" name="TestLogin.Login2Naukari" time="27.507" errors="0" timestamp="2023-01-06T18:54:09 IST" skipped="0">
  <testcase classname="TestLogin.Login2Naukari" name="Login2app" time="27.507"/>
  <system-out/>
</testsuite> <!-- TestLogin.Login2Naukari -->
