<?xml version="1.0" encoding="UTF-8"?>
<!-- Generated by org.testng.reporters.JUnitReportReporter -->
<testsuite hostname="Amrutamane" failures="0" tests="1" name="TestLogin.Login2Naukari" time="17.328" errors="0" timestamp="2022-12-28T23:32:08 IST" skipped="0">
  <testcase classname="TestLogin.Login2Naukari" name="Login2app" time="17.328"/>
  <system-out/>
</testsuite> <!-- TestLogin.Login2Naukari -->
