<?xml version="1.0" encoding="UTF-8"?>
<!-- Generated by org.testng.reporters.JUnitReportReporter -->
<testsuite hostname="Lakhan" failures="0" tests="1" name="TestLogin.Login2Naukari" time="23.021" errors="0" timestamp="2022-12-27T22:46:09 IST" skipped="0">
  <testcase classname="TestLogin.Login2Naukari" name="Login2app" time="23.021"/>
  <system-out/>
</testsuite> <!-- TestLogin.Login2Naukari -->
