<?xml version="1.0" encoding="UTF-8"?>
<!-- Generated by org.testng.reporters.JUnitReportReporter -->
<testsuite hostname="Lakhan" failures="0" tests="1" name="TestLogin.Login2Naukari" time="9.674" errors="0" timestamp="2022-12-21T22:57:07 IST" skipped="0">
  <testcase classname="TestLogin.Login2Naukari" name="Login2app" time="9.674"/>
  <system-out/>
</testsuite> <!-- TestLogin.Login2Naukari -->
