<?xml version="1.0" encoding="UTF-8"?>
<!-- Generated by org.testng.reporters.JUnitReportReporter -->
<testsuite hostname="Lakhan" failures="0" tests="1" name="TestLogin.Login2Naukari" time="20.545" errors="0" timestamp="2022-12-21T01:36:27 IST" skipped="0">
  <testcase classname="TestLogin.Login2Naukari" name="Login2app" time="20.545"/>
  <system-out/>
</testsuite> <!-- TestLogin.Login2Naukari -->
