<?xml version="1.0" encoding="UTF-8"?>
<!-- Generated by org.testng.reporters.JUnitReportReporter -->
<testsuite hostname="Lakhan" failures="0" tests="1" name="TestLogin.Login2Naukari" time="17.412" errors="0" timestamp="2022-12-20T23:11:13 IST" skipped="0">
  <testcase classname="TestLogin.Login2Naukari" name="Login2app" time="17.412"/>
  <system-out/>
</testsuite> <!-- TestLogin.Login2Naukari -->
