<?xml version="1.0" encoding="UTF-8"?>
<!-- Generated by org.testng.reporters.JUnitReportReporter -->
<testsuite hostname="Amrutamane" failures="0" tests="1" name="TestLogin.Login2Naukari" time="26.250" errors="0" timestamp="2022-12-30T19:06:28 IST" skipped="0">
  <testcase classname="TestLogin.Login2Naukari" name="Login2app" time="26.250"/>
  <system-out/>
</testsuite> <!-- TestLogin.Login2Naukari -->
