<?xml version="1.0" encoding="UTF-8"?>
<!-- Generated by org.testng.reporters.JUnitReportReporter -->
<testsuite hostname="Lakhan" failures="0" tests="1" name="TestLogin.Login2Naukari" time="10.850" errors="0" timestamp="2022-12-21T15:33:46 IST" skipped="0">
  <testcase classname="TestLogin.Login2Naukari" name="Login2app" time="10.850"/>
  <system-out/>
</testsuite> <!-- TestLogin.Login2Naukari -->
